build/app/intermediates/manifest_merge_blame_file/debug/manifest-merger-blame-debug-report.txt
1<?xml version="1.0" encoding="utf-8"?>
2<manifest xmlns:android="http://schemas.android.com/apk/res/android"
3    package="eshop.com.eshops"
4    android:versionCode="1"
5    android:versionName="1.0.0" >
6
7    <uses-sdk
8        android:minSdkVersion="23"
9        android:targetSdkVersion="32" />
10    <!--
11         Flutter needs it to communicate with the running application
12         to allow setting breakpoints, to provide hot reload, etc.
13    -->
14    <uses-permission android:name="android.permission.INTERNET" />
14-->src/debug/AndroidManifest.xml:6:5-66
14-->src/debug/AndroidManifest.xml:6:22-64
15    <!-- Although the *SdkVersion is captured in gradle build files, this is required for non gradle builds -->
16    <!-- <uses-sdk android:minSdkVersion="14" /> -->
17    <uses-permission android:name="android.permission.ACCESS_NETWORK_STATE" />
17-->[com.google.firebase:firebase-firestore:24.1.0] AndroidManifest.xml:13:5-79
17-->[com.google.firebase:firebase-firestore:24.1.0] AndroidManifest.xml:13:22-76
18
19    <application
20        android:name="android.app.Application"
21        android:appComponentFactory="androidx.core.app.CoreComponentFactory"
21-->[androidx.core:core:1.6.0] AndroidManifest.xml:24:18-86
22        android:debuggable="true"
23        android:extractNativeLibs="false"
24        android:icon="@mipmap/ic_launcher"
25        android:label="eshops"
26        android:requestLegacyExternalStorage="true" >
27        <activity
28            android:name="eshop.com.eshops.MainActivity"
29            android:configChanges="orientation|keyboardHidden|keyboard|screenSize|smallestScreenSize|locale|layoutDirection|fontScale|screenLayout|density|uiMode"
30            android:exported="true"
31            android:hardwareAccelerated="true"
32            android:launchMode="singleTop"
33            android:theme="@style/LaunchTheme"
34            android:windowSoftInputMode="adjustResize" >
35
36            <!--
37                 Specifies an Android theme to apply to this Activity as soon as
38                 the Android process has started. This theme is visible to the user
39                 while the Flutter UI initializes. After that, this theme continues
40                 to determine the Window background behind the Flutter UI.
41            -->
42            <meta-data
43                android:name="io.flutter.embedding.android.NormalTheme"
44                android:resource="@style/NormalTheme" />
45
46            <intent-filter>
47                <action android:name="android.intent.action.MAIN" />
48
49                <category android:name="android.intent.category.LAUNCHER" />
50            </intent-filter>
51        </activity>
52        <!--
53             Don't delete the meta-data below.
54             This is used by the Flutter tool to generate GeneratedPluginRegistrant.java
55        -->
56        <meta-data
57            android:name="flutterEmbedding"
58            android:value="2" />
59
60        <provider
60-->[:image_picker_android] AndroidManifest.xml:8:9-16:20
61            android:name="io.flutter.plugins.imagepicker.ImagePickerFileProvider"
61-->[:image_picker_android] AndroidManifest.xml:9:13-82
62            android:authorities="eshop.com.eshops.flutter.image_provider"
62-->[:image_picker_android] AndroidManifest.xml:10:13-74
63            android:exported="false"
63-->[:image_picker_android] AndroidManifest.xml:11:13-37
64            android:grantUriPermissions="true" >
64-->[:image_picker_android] AndroidManifest.xml:12:13-47
65            <meta-data
65-->[:image_picker_android] AndroidManifest.xml:13:13-15:75
66                android:name="android.support.FILE_PROVIDER_PATHS"
66-->[:image_picker_android] AndroidManifest.xml:14:17-67
67                android:resource="@xml/flutter_image_picker_file_paths" />
67-->[:image_picker_android] AndroidManifest.xml:15:17-72
68        </provider>
69
70        <uses-library
70-->[androidx.window:window:1.0.0-beta04] AndroidManifest.xml:25:9-27:40
71            android:name="androidx.window.extensions"
71-->[androidx.window:window:1.0.0-beta04] AndroidManifest.xml:26:13-54
72            android:required="false" />
72-->[androidx.window:window:1.0.0-beta04] AndroidManifest.xml:27:13-37
73        <uses-library
73-->[androidx.window:window:1.0.0-beta04] AndroidManifest.xml:28:9-30:40
74            android:name="androidx.window.sidecar"
74-->[androidx.window:window:1.0.0-beta04] AndroidManifest.xml:29:13-51
75            android:required="false" />
75-->[androidx.window:window:1.0.0-beta04] AndroidManifest.xml:30:13-37
76
77        <service
77-->[com.google.firebase:firebase-firestore:24.1.0] AndroidManifest.xml:17:9-23:19
78            android:name="com.google.firebase.components.ComponentDiscoveryService"
78-->[com.google.firebase:firebase-firestore:24.1.0] AndroidManifest.xml:18:13-84
79            android:directBootAware="true"
79-->[com.google.firebase:firebase-common:20.1.0] AndroidManifest.xml:35:13-43
80            android:exported="false" >
80-->[com.google.firebase:firebase-firestore:24.1.0] AndroidManifest.xml:19:13-37
81            <meta-data
81-->[com.google.firebase:firebase-firestore:24.1.0] AndroidManifest.xml:20:13-22:85
82                android:name="com.google.firebase.components:com.google.firebase.firestore.FirestoreRegistrar"
82-->[com.google.firebase:firebase-firestore:24.1.0] AndroidManifest.xml:21:17-111
83                android:value="com.google.firebase.components.ComponentRegistrar" />
83-->[com.google.firebase:firebase-firestore:24.1.0] AndroidManifest.xml:22:17-82
84        </service>
85
86        <provider
86-->[com.google.firebase:firebase-common:20.1.0] AndroidManifest.xml:26:9-31:39
87            android:name="com.google.firebase.provider.FirebaseInitProvider"
87-->[com.google.firebase:firebase-common:20.1.0] AndroidManifest.xml:27:13-77
88            android:authorities="eshop.com.eshops.firebaseinitprovider"
88-->[com.google.firebase:firebase-common:20.1.0] AndroidManifest.xml:28:13-72
89            android:directBootAware="true"
89-->[com.google.firebase:firebase-common:20.1.0] AndroidManifest.xml:29:13-43
90            android:exported="false"
90-->[com.google.firebase:firebase-common:20.1.0] AndroidManifest.xml:30:13-37
91            android:initOrder="100" />
91-->[com.google.firebase:firebase-common:20.1.0] AndroidManifest.xml:31:13-36
92
93        <activity
93-->[com.google.android.gms:play-services-base:18.0.1] AndroidManifest.xml:20:9-22:45
94            android:name="com.google.android.gms.common.api.GoogleApiActivity"
94-->[com.google.android.gms:play-services-base:18.0.1] AndroidManifest.xml:20:19-85
95            android:exported="false"
95-->[com.google.android.gms:play-services-base:18.0.1] AndroidManifest.xml:22:19-43
96            android:theme="@android:style/Theme.Translucent.NoTitleBar" />
96-->[com.google.android.gms:play-services-base:18.0.1] AndroidManifest.xml:21:19-78
97
98        <meta-data
98-->[com.google.android.gms:play-services-basement:18.0.0] AndroidManifest.xml:21:9-23:69
99            android:name="com.google.android.gms.version"
99-->[com.google.android.gms:play-services-basement:18.0.0] AndroidManifest.xml:22:13-58
100            android:value="@integer/google_play_services_version" />
100-->[com.google.android.gms:play-services-basement:18.0.0] AndroidManifest.xml:23:13-66
101    </application>
102
103</manifest>